<?xml version="1.0" encoding="UTF-8"?>
<testng-results skipped="0" failed="0" total="2" passed="2">
  <reporter-output>
  </reporter-output>
  <suite name="Suite" duration-ms="41467" started-at="2018-02-24T06:22:25Z" finished-at="2018-02-24T06:23:07Z">
    <groups>
    </groups>
    <test name="Test" duration-ms="41467" started-at="2018-02-24T06:22:25Z" finished-at="2018-02-24T06:23:07Z">
      <class name="scripts.InvalidLogin">
        <test-method status="PASS" signature="openApplication()[pri:0, instance:scripts.InvalidLogin@3b81a1bc]" name="openApplication" is-config="true" duration-ms="19157" started-at="2018-02-24T11:52:25Z" finished-at="2018-02-24T11:52:45Z">
          <reporter-output>
          </reporter-output>
        </test-method> <!-- openApplication -->
        <test-method status="PASS" signature="testInValid()[pri:0, instance:scripts.InvalidLogin@3b81a1bc]" name="testInValid" duration-ms="6452" started-at="2018-02-24T11:52:45Z" finished-at="2018-02-24T11:52:51Z">
          <reporter-output>
          </reporter-output>
        </test-method> <!-- testInValid -->
        <test-method status="PASS" signature="closeApplication(org.testng.ITestResult)[pri:0, instance:scripts.InvalidLogin@3b81a1bc]" name="closeApplication" is-config="true" duration-ms="1158" started-at="2018-02-24T11:52:51Z" finished-at="2018-02-24T11:52:52Z">
          <params>
            <param index="0">
              <value>
                <![CDATA[[TestResult name=testInValid status=SUCCESS method=InvalidLogin.testInValid()[pri:0, instance:scripts.InvalidLogin@3b81a1bc] output={null}]]]>
              </value>
            </param>
          </params>
          <reporter-output>
          </reporter-output>
        </test-method> <!-- closeApplication -->
      </class> <!-- scripts.InvalidLogin -->
      <class name="scripts.ValidLogin">
        <test-method status="PASS" signature="openApplication()[pri:0, instance:scripts.ValidLogin@6fb554cc]" name="openApplication" is-config="true" duration-ms="10376" started-at="2018-02-24T11:52:52Z" finished-at="2018-02-24T11:53:03Z">
          <reporter-output>
          </reporter-output>
        </test-method> <!-- openApplication -->
        <test-method status="PASS" signature="testValidLogin()[pri:0, instance:scripts.ValidLogin@6fb554cc]" name="testValidLogin" duration-ms="3095" started-at="2018-02-24T11:53:03Z" finished-at="2018-02-24T11:53:06Z">
          <reporter-output>
          </reporter-output>
        </test-method> <!-- testValidLogin -->
        <test-method status="PASS" signature="closeApplication(org.testng.ITestResult)[pri:0, instance:scripts.ValidLogin@6fb554cc]" name="closeApplication" is-config="true" duration-ms="1167" started-at="2018-02-24T11:53:06Z" finished-at="2018-02-24T11:53:07Z">
          <params>
            <param index="0">
              <value>
                <![CDATA[[TestResult name=testValidLogin status=SUCCESS method=ValidLogin.testValidLogin()[pri:0, instance:scripts.ValidLogin@6fb554cc] output={null}]]]>
              </value>
            </param>
          </params>
          <reporter-output>
          </reporter-output>
        </test-method> <!-- closeApplication -->
      </class> <!-- scripts.ValidLogin -->
    </test> <!-- Test -->
  </suite> <!-- Suite -->
</testng-results>
