<?xml version="1.0" encoding="UTF-8"?>
<testng-results skipped="0" failed="0" ignored="0" total="2" passed="2">
  <reporter-output>
  </reporter-output>
  <suite name="Suite" duration-ms="33127" started-at="2018-02-24T06:01:08Z" finished-at="2018-02-24T06:01:42Z">
    <groups>
    </groups>
    <test name="Test" duration-ms="33127" started-at="2018-02-24T06:01:08Z" finished-at="2018-02-24T06:01:42Z">
      <class name="scripts.InvalidLogin">
        <test-method status="PASS" signature="openApplication()[pri:0, instance:scripts.InvalidLogin@51e2adc7]" name="openApplication" is-config="true" duration-ms="10558" started-at="2018-02-24T11:31:26Z" finished-at="2018-02-24T11:31:37Z">
          <reporter-output>
          </reporter-output>
        </test-method> <!-- openApplication -->
        <test-method status="PASS" signature="testInValid()[pri:2, instance:scripts.InvalidLogin@51e2adc7]" name="testInValid" duration-ms="3689" started-at="2018-02-24T11:31:37Z" finished-at="2018-02-24T11:31:40Z">
          <reporter-output>
          </reporter-output>
        </test-method> <!-- testInValid -->
        <test-method status="PASS" signature="closeApplication(org.testng.ITestResult)[pri:0, instance:scripts.InvalidLogin@51e2adc7]" name="closeApplication" is-config="true" duration-ms="1147" started-at="2018-02-24T11:31:40Z" finished-at="2018-02-24T11:31:42Z">
          <params>
            <param index="0">
              <value>
                <![CDATA[[TestResult name=testInValid status=SUCCESS method=InvalidLogin.testInValid()[pri:2, instance:scripts.InvalidLogin@51e2adc7] output={null}]]]>
              </value>
            </param>
          </params>
          <reporter-output>
          </reporter-output>
        </test-method> <!-- closeApplication -->
      </class> <!-- scripts.InvalidLogin -->
      <class name="scripts.ValidLogin">
        <test-method status="PASS" signature="openApplication()[pri:0, instance:scripts.ValidLogin@1a8a8f7c]" name="openApplication" is-config="true" duration-ms="11862" started-at="2018-02-24T11:31:09Z" finished-at="2018-02-24T11:31:20Z">
          <reporter-output>
          </reporter-output>
        </test-method> <!-- openApplication -->
        <test-method status="PASS" signature="testValidLogin()[pri:1, instance:scripts.ValidLogin@1a8a8f7c]" name="testValidLogin" duration-ms="4564" started-at="2018-02-24T11:31:20Z" finished-at="2018-02-24T11:31:25Z">
          <reporter-output>
          </reporter-output>
        </test-method> <!-- testValidLogin -->
        <test-method status="PASS" signature="closeApplication(org.testng.ITestResult)[pri:0, instance:scripts.ValidLogin@1a8a8f7c]" name="closeApplication" is-config="true" duration-ms="1199" started-at="2018-02-24T11:31:25Z" finished-at="2018-02-24T11:31:26Z">
          <params>
            <param index="0">
              <value>
                <![CDATA[[TestResult name=testValidLogin status=SUCCESS method=ValidLogin.testValidLogin()[pri:1, instance:scripts.ValidLogin@1a8a8f7c] output={null}]]]>
              </value>
            </param>
          </params>
          <reporter-output>
          </reporter-output>
        </test-method> <!-- closeApplication -->
      </class> <!-- scripts.ValidLogin -->
    </test> <!-- Test -->
  </suite> <!-- Suite -->
</testng-results>
